0 info it worked if it ends with ok
1 verbose cli [ 'C:\\Program Files\\nodejs\\\\node.exe',
1 verbose cli   'C:\\Program Files\\nodejs\\node_modules\\npm\\bin\\npm-cli.js',
1 verbose cli   'publish' ]
2 info using npm@1.4.28
3 info using node@v0.10.33
4 verbose node symlink C:\Program Files\nodejs\\node.exe
5 verbose publish [ '.' ]
6 verbose cache add [ '.', null ]
7 verbose cache add name=undefined spec="." args=[".",null]
8 verbose parsed url { protocol: null,
8 verbose parsed url   slashes: null,
8 verbose parsed url   auth: null,
8 verbose parsed url   host: null,
8 verbose parsed url   port: null,
8 verbose parsed url   hostname: null,
8 verbose parsed url   hash: null,
8 verbose parsed url   search: null,
8 verbose parsed url   query: null,
8 verbose parsed url   pathname: '.',
8 verbose parsed url   path: '.',
8 verbose parsed url   href: '.' }
9 silly lockFile 3a52ce78- .
10 verbose lock . C:\Users\jireland\AppData\Roaming\npm-cache\3a52ce78-.lock
11 verbose tar pack [ 'C:\\Users\\jireland\\AppData\\Roaming\\npm-cache\\pandora-node\\1.0.2\\package.tgz',
11 verbose tar pack   '.' ]
12 verbose tarball C:\Users\jireland\AppData\Roaming\npm-cache\pandora-node\1.0.2\package.tgz
13 verbose folder .
14 info prepublish pandora-node@1.0.2
15 silly lockFile 1f1177db-tar tar://.
16 verbose lock tar://. C:\Users\jireland\AppData\Roaming\npm-cache\1f1177db-tar.lock
17 silly lockFile c449a3db-e-pandora-node-1-0-2-package-tgz tar://C:\Users\jireland\AppData\Roaming\npm-cache\pandora-node\1.0.2\package.tgz
18 verbose lock tar://C:\Users\jireland\AppData\Roaming\npm-cache\pandora-node\1.0.2\package.tgz C:\Users\jireland\AppData\Roaming\npm-cache\c449a3db-e-pandora-node-1-0-2-package-tgz.lock
19 silly lockFile 1f1177db-tar tar://.
20 silly lockFile 1f1177db-tar tar://.
21 silly lockFile c449a3db-e-pandora-node-1-0-2-package-tgz tar://C:\Users\jireland\AppData\Roaming\npm-cache\pandora-node\1.0.2\package.tgz
22 silly lockFile c449a3db-e-pandora-node-1-0-2-package-tgz tar://C:\Users\jireland\AppData\Roaming\npm-cache\pandora-node\1.0.2\package.tgz
23 silly lockFile 73eccc8a-cache-pandora-node-1-0-2-package C:\Users\jireland\AppData\Roaming\npm-cache\pandora-node\1.0.2\package
24 verbose lock C:\Users\jireland\AppData\Roaming\npm-cache\pandora-node\1.0.2\package C:\Users\jireland\AppData\Roaming\npm-cache\73eccc8a-cache-pandora-node-1-0-2-package.lock
25 silly lockFile 73eccc8a-cache-pandora-node-1-0-2-package C:\Users\jireland\AppData\Roaming\npm-cache\pandora-node\1.0.2\package
26 silly lockFile 73eccc8a-cache-pandora-node-1-0-2-package C:\Users\jireland\AppData\Roaming\npm-cache\pandora-node\1.0.2\package
27 silly lockFile 3a52ce78- .
28 silly lockFile 3a52ce78- .
29 silly publish { name: 'pandora-node',
29 silly publish   version: '1.0.2',
29 silly publish   description: 'node.js module for Coolux Pandora\'s Box',
29 silly publish   main: 'index.js',
29 silly publish   directories: { test: 'tests' },
29 silly publish   dependencies: { request: '^2.58.0' },
29 silly publish   devDependencies: {},
29 silly publish   scripts: { test: 'echo "Error: no test specified" && exit 1' },
29 silly publish   keywords: [ 'coolux', 'pandoras box' ],
29 silly publish   author:
29 silly publish    { name: 'Justin Ireland',
29 silly publish      email: 'justin@justinireland.com',
29 silly publish      url: 'http://justinireland.com/' },
29 silly publish   license: 'ISC',
29 silly publish   readme: '# pandora-node\r\nnode.js module for Coolux Pandora\'s Box SDK\r\n\r\nproject source: https://github.com/justinireland/pandora-node\r\nnpm: https://www.npmjs.com/package/pandora-node\r\n\r\n## Requirements\r\n* Pandora\'s Box Manager with web server enabled\r\n\r\n## Installation\r\n\r\n```\r\nnpm install pandora-node\r\n```\r\n\r\n## Setup\r\n\r\n```\r\nvar PBAuto = require(\'pandora-node\');\r\nvar options = {\r\n    ip: \'192.168.1.2\', // IP address of the Pandora\'s Box server\r\n    port: \'6214\'       // Pandora\'s Box Server port. Defaults to 6214 if none is specified.\r\n}\r\nvar pb = new PBAuto(options);\r\n```\r\n\r\n## Usage\r\nSee the [API reference](https://github.com/justinireland/pandora-node/wiki/API-Reference) for a list of all methods.\r\n\r\nExample - Get the current sequence time\r\n```\r\npb.getSequenceTime(1, function(res){\r\n    console.dir(res);\r\n});\r\n```\r\nReturns\r\n```\r\n{ \r\n  success: true,\r\n  code: 73,\r\n  hours: 0,\r\n  minutes: 1,\r\n  seconds: 18,\r\n  frames: 5 \r\n}\r\n```\r\nExample - Get the opacity level of device 1.2\r\n```\r\npb.getParam(1,2,\'Opacity\',function(res){\r\n    console.dir(res);\r\n});\r\n```\r\nReturns\r\n```\r\n{ \r\n  success: true, \r\n  code: 79, \r\n  parameterValue: 255 \r\n}\r\n```',
29 silly publish   readmeFilename: 'README.md',
29 silly publish   gitHead: 'ca292dba73341ab0b729db176ea8bb23649e434b',
29 silly publish   _id: 'pandora-node@1.0.2',
29 silly publish   _shasum: 'fcfb5efc14058343d9a633586dcf9c3112c4b8ed',
29 silly publish   _from: '.' }
30 verbose request where is /pandora-node
31 verbose request registry https://registry.npmjs.org/
32 verbose request id 9fe55bb53204935c
33 verbose url raw /pandora-node
34 verbose url resolving [ 'https://registry.npmjs.org/', './pandora-node' ]
35 verbose url resolved https://registry.npmjs.org/pandora-node
36 verbose request where is https://registry.npmjs.org/pandora-node
37 info trying registry request attempt 1 at 17:59:07
38 http PUT https://registry.npmjs.org/pandora-node
39 http 403 https://registry.npmjs.org/pandora-node
40 verbose headers { 'content-type': 'application/json',
40 verbose headers   'cache-control': 'max-age=60',
40 verbose headers   'content-length': '95',
40 verbose headers   'accept-ranges': 'bytes',
40 verbose headers   date: 'Sat, 22 Aug 2015 21:59:09 GMT',
40 verbose headers   via: '1.1 varnish',
40 verbose headers   connection: 'keep-alive',
40 verbose headers   'x-served-by': 'cache-jfk1030-JFK',
40 verbose headers   'x-cache': 'MISS',
40 verbose headers   'x-cache-hits': '0',
40 verbose headers   'x-timer': 'S1440280747.743544,VS0,VE1769' }
41 error publish Failed PUT 403
42 error Error: "You cannot publish over the previously published version 1.0.2." : pandora-node
42 error     at RegClient.<anonymous> (C:\Program Files\nodejs\node_modules\npm\node_modules\npm-registry-client\lib\request.js:308:14)
42 error     at Request._callback (C:\Program Files\nodejs\node_modules\npm\node_modules\npm-registry-client\lib\request.js:246:65)
42 error     at Request.self.callback (C:\Program Files\nodejs\node_modules\npm\node_modules\request\request.js:236:22)
42 error     at Request.emit (events.js:98:17)
42 error     at Request.<anonymous> (C:\Program Files\nodejs\node_modules\npm\node_modules\request\request.js:1142:14)
42 error     at Request.emit (events.js:117:20)
42 error     at IncomingMessage.<anonymous> (C:\Program Files\nodejs\node_modules\npm\node_modules\request\request.js:1096:12)
42 error     at IncomingMessage.emit (events.js:117:20)
42 error     at _stream_readable.js:943:16
42 error     at process._tickCallback (node.js:419:13)
43 error If you need help, you may report this *entire* log,
43 error including the npm and node versions, at:
43 error     <http://github.com/npm/npm/issues>
44 error System Windows_NT 6.1.7601
45 error command "C:\\Program Files\\nodejs\\\\node.exe" "C:\\Program Files\\nodejs\\node_modules\\npm\\bin\\npm-cli.js" "publish"
46 error cwd E:\Dropbox\Projects\pandora-node
47 error node -v v0.10.33
48 error npm -v 1.4.28
49 verbose exit [ 1, true ]
